* feature-log
  main

commit 5e45f8c4a771a3baa7676e826d5dae41b380d232 (HEAD -> feature-log)
Author: Francisco_Javier_Santisteban <fsanvel997@iesfuengirola1.es>
Date:   Wed Jan 21 20:20:21 2026 +0100

    FRANCISCO_JAVIER_SANTISTEBAN: A침adir mi nombre en el archivo

diff --git a/alumnos/FRANCISCO_JAVIER/meIgnoras.txt b/alumnos/FRANCISCO_JAVIER/meIgnoras.txt
new file mode 100644
index 0000000..6a18477
--- /dev/null
+++ b/alumnos/FRANCISCO_JAVIER/meIgnoras.txt
@@ -0,0 +1 @@
+Hola buenas tardes
diff --git a/examen.py b/examen.py
index b83ffde..41b7eda 100644
--- a/examen.py
+++ b/examen.py
@@ -2,5 +2,6 @@
 def iniciar_sistema():
     print("Iniciando sistema de evaluaci칩n...")
     print("Versi칩n 1.0 - Conexi칩n establecida.")
+    print("Francisco Javier")

 iniciar_sistema()

