04b0a70 LOPEZ_ISRAEL: A침adir mi nombre al archivo lista_clase
c916e0b LOPEZ_ISRAEL: guardar los cambios en los logs
0c7a63e LOPEZ_ISRAEL: Modificar el archivo python para imprimir mi nombre con el mismo
5b1ba8f LOPEZ_ISRAEL: Modificar archivo python para imprimir mi nombre con el mismo
38540d7 LOPEZ_ISRAEL: Crear segundo archivo (ignorado) y hacer que git lo rastree
79558dd Israel L칩pez: Crear carpeta personal y archivo inicial
1eee3ec Update cheatsheet.txt
88131a6 Update README.md hasta ejercicio 8
133e273 Create assets
27b81b8 Create notas.md
c71a13e Create examen.py
a0d3925 Create lista_clase.md
8eb192b Create cheatsheet.txt
ae21ad3 Update .gitignore
b2ca53a Initial commit
b2b31d0 LOPEZ_ISRAEL: A침adir mi nombre al archivo lista_clase para el hito 5
c916e0b LOPEZ_ISRAEL: guardar los cambios en los logs
0c7a63e LOPEZ_ISRAEL: Modificar el archivo python para imprimir mi nombre con el mismo
5b1ba8f LOPEZ_ISRAEL: Modificar archivo python para imprimir mi nombre con el mismo
38540d7 LOPEZ_ISRAEL: Crear segundo archivo (ignorado) y hacer que git lo rastree
79558dd Israel L칩pez: Crear carpeta personal y archivo inicial
1eee3ec Update cheatsheet.txt
88131a6 Update README.md hasta ejercicio 8
133e273 Create assets
27b81b8 Create notas.md
c71a13e Create examen.py
a0d3925 Create lista_clase.md
8eb192b Create cheatsheet.txt
ae21ad3 Update .gitignore
b2ca53a Initial commit
